0 info it worked if it ends with ok
1 verbose cli [ 'C:\\Program Files\\nodejs\\node.exe',
1 verbose cli   'C:\\Users\\Nuttapol\\AppData\\Roaming\\npm\\node_modules\\npm\\bin\\npm-cli.js',
1 verbose cli   'publish' ]
2 info using npm@4.0.3
3 info using node@v7.2.0
4 verbose publish [ '.' ]
5 silly cache add args [ '.', null ]
6 verbose cache add spec .
7 silly cache add parsed spec Result {
7 silly cache add   raw: '.',
7 silly cache add   scope: null,
7 silly cache add   escapedName: null,
7 silly cache add   name: null,
7 silly cache add   rawSpec: '.',
7 silly cache add   spec: 'D:\\code\\react-infinite-scroll-nfs',
7 silly cache add   type: 'directory' }
8 verbose addLocalDirectory C:\Users\Nuttapol\AppData\Roaming\npm-cache\react-infinite-scroll-nfs\0.0.1\package.tgz not in flight; packing
9 verbose correctMkdir C:\Users\Nuttapol\AppData\Roaming\npm-cache correctMkdir not in flight; initializing
10 info lifecycle react-infinite-scroll-nfs@0.0.1~prepublish: react-infinite-scroll-nfs@0.0.1
11 silly lifecycle react-infinite-scroll-nfs@0.0.1~prepublish: no script for prepublish, continuing
12 info lifecycle react-infinite-scroll-nfs@0.0.1~prepare: react-infinite-scroll-nfs@0.0.1
13 silly lifecycle react-infinite-scroll-nfs@0.0.1~prepare: no script for prepare, continuing
14 verbose tar pack [ 'C:\\Users\\Nuttapol\\AppData\\Roaming\\npm-cache\\react-infinite-scroll-nfs\\0.0.1\\package.tgz',
14 verbose tar pack   'D:\\code\\react-infinite-scroll-nfs' ]
15 verbose tarball C:\Users\Nuttapol\AppData\Roaming\npm-cache\react-infinite-scroll-nfs\0.0.1\package.tgz
16 verbose folder D:\code\react-infinite-scroll-nfs
17 verbose addLocalTarball adding from inside cache C:\Users\Nuttapol\AppData\Roaming\npm-cache\react-infinite-scroll-nfs\0.0.1\package.tgz
18 verbose correctMkdir C:\Users\Nuttapol\AppData\Roaming\npm-cache correctMkdir not in flight; initializing
19 silly cache afterAdd react-infinite-scroll-nfs@0.0.1
20 verbose afterAdd C:\Users\Nuttapol\AppData\Roaming\npm-cache\react-infinite-scroll-nfs\0.0.1\package\package.json not in flight; writing
21 verbose correctMkdir C:\Users\Nuttapol\AppData\Roaming\npm-cache correctMkdir not in flight; initializing
22 verbose afterAdd C:\Users\Nuttapol\AppData\Roaming\npm-cache\react-infinite-scroll-nfs\0.0.1\package\package.json written
23 silly publish { name: 'react-infinite-scroll-nfs',
23 silly publish   version: '0.0.1',
23 silly publish   description: 'React infiniteScroll component',
23 silly publish   main: 'dist/react-infinite-scroll-nfs.js',
23 silly publish   scripts: { start: 'webpack' },
23 silly publish   license: 'MIT',
23 silly publish   peerDependencies: { react: '>= 0.13.0' },
23 silly publish   devDependencies:
23 silly publish    { 'babel-core': '^6.20.0',
23 silly publish      'babel-loader': '^6.2.1',
23 silly publish      'babel-preset-es2015': '^6.3.13',
23 silly publish      'babel-preset-react': '^6.3.13',
23 silly publish      'node-libs-browser': '^0.5.2',
23 silly publish      'raw-loader': '^0.5.1',
23 silly publish      webpack: '^1.9.12' },
23 silly publish   repository:
23 silly publish    { type: 'git',
23 silly publish      url: 'git+https://github.com/nodeframe/react-infiniteScroll.git' },
23 silly publish   author: '',
23 silly publish   bugs: { url: 'https://github.com/nodeframe/react-infiniteScroll/issues' },
23 silly publish   homepage: 'https://github.com/nodeframe/react-infiniteScroll#readme',
23 silly publish   readme: '#React Infinite Scroll\r\n\r\n##Getting started\r\ninstall using this command;\r\n\r\n    npm install react-infinte-scroll\r\n\r\n\r\n###Example\r\n```js\r\n  Import InfiniteScroll  from \'react-infinite-scroll\'\r\n\r\n  <div> // <-- Set height in CSS.\r\n    <InfiniteScroll\r\n      onLoad={Function}\r\n      isFetching={true}\r\n    >\r\n      {items} // <-- This is the "stuff" you want to load\r\n    </InfiniteScroll>\r\n  </div>\r\n```\r\n\r\n####Props\r\n   - `onLoad` : This function is called when the user scrolls down and we need to load stuff.\r\n\r\n   - `isFetching` :  Set true or  false to handle show hide  LoaderComponent.\r\n\r\n   - `loaderComponent` :  Component loader\r\n\r\n   - `styleScrollBarClass` : Set style scroll bar\r\n\r\n   - `offsetHeight` : Set offset height\r\n',
23 silly publish   readmeFilename: 'README.md',
23 silly publish   gitHead: 'a384ec2a78a8874e247381c7f60583224b149115',
23 silly publish   _id: 'react-infinite-scroll-nfs@0.0.1',
23 silly publish   _shasum: 'f296a823b087146f1aefdf87de40598ab961f469',
23 silly publish   _from: '.' }
24 info lifecycle react-infinite-scroll-nfs@0.0.1~prepublishOnly: react-infinite-scroll-nfs@0.0.1
25 silly lifecycle react-infinite-scroll-nfs@0.0.1~prepublishOnly: no script for prepublishOnly, continuing
26 verbose getPublishConfig undefined
27 silly mapToRegistry name react-infinite-scroll-nfs
28 silly mapToRegistry using default registry
29 silly mapToRegistry registry https://registry.npmjs.org/
30 silly mapToRegistry data Result {
30 silly mapToRegistry   raw: 'react-infinite-scroll-nfs',
30 silly mapToRegistry   scope: null,
30 silly mapToRegistry   escapedName: 'react-infinite-scroll-nfs',
30 silly mapToRegistry   name: 'react-infinite-scroll-nfs',
30 silly mapToRegistry   rawSpec: '',
30 silly mapToRegistry   spec: 'latest',
30 silly mapToRegistry   type: 'tag' }
31 silly mapToRegistry uri https://registry.npmjs.org/react-infinite-scroll-nfs
32 verbose publish registryBase https://registry.npmjs.org/
33 silly publish uploading C:\Users\Nuttapol\AppData\Roaming\npm-cache\react-infinite-scroll-nfs\0.0.1\package.tgz
34 verbose request uri https://registry.npmjs.org/react-infinite-scroll-nfs
35 verbose request sending authorization for write operation
36 info attempt registry request try #1 at 18:08:46
37 verbose request using bearer token for auth
38 verbose request id d221e657e576fb62
39 http request PUT https://registry.npmjs.org/react-infinite-scroll-nfs
40 http 403 https://registry.npmjs.org/react-infinite-scroll-nfs
41 verbose headers { 'content-type': 'application/json',
41 verbose headers   'cache-control': 'max-age=300',
41 verbose headers   'content-length': '95',
41 verbose headers   'accept-ranges': 'bytes',
41 verbose headers   date: 'Fri, 16 Dec 2016 11:08:51 GMT',
41 verbose headers   via: '1.1 varnish',
41 verbose headers   connection: 'keep-alive',
41 verbose headers   'x-served-by': 'cache-sin6920-SIN',
41 verbose headers   'x-cache': 'MISS',
41 verbose headers   'x-cache-hits': '0',
41 verbose headers   'x-timer': 'S1481886530.469559,VS0,VE862',
41 verbose headers   vary: 'Accept-Encoding' }
42 verbose request invalidating C:\Users\Nuttapol\AppData\Roaming\npm-cache\registry.npmjs.org\react-infinite-scroll-nfs on PUT
43 error publish Failed PUT 403
44 verbose stack Error: "You cannot publish over the previously published version 0.0.1." : react-infinite-scroll-nfs
44 verbose stack     at makeError (C:\Users\Nuttapol\AppData\Roaming\npm\node_modules\npm\node_modules\npm-registry-client\lib\request.js:302:12)
44 verbose stack     at CachingRegistryClient.<anonymous> (C:\Users\Nuttapol\AppData\Roaming\npm\node_modules\npm\node_modules\npm-registry-client\lib\request.js:290:14)
44 verbose stack     at Request._callback (C:\Users\Nuttapol\AppData\Roaming\npm\node_modules\npm\node_modules\npm-registry-client\lib\request.js:210:14)
44 verbose stack     at Request.self.callback (C:\Users\Nuttapol\AppData\Roaming\npm\node_modules\npm\node_modules\request\request.js:186:22)
44 verbose stack     at emitTwo (events.js:106:13)
44 verbose stack     at Request.emit (events.js:191:7)
44 verbose stack     at Request.<anonymous> (C:\Users\Nuttapol\AppData\Roaming\npm\node_modules\npm\node_modules\request\request.js:1081:10)
44 verbose stack     at emitOne (events.js:96:13)
44 verbose stack     at Request.emit (events.js:188:7)
44 verbose stack     at IncomingMessage.<anonymous> (C:\Users\Nuttapol\AppData\Roaming\npm\node_modules\npm\node_modules\request\request.js:1001:12)
45 verbose statusCode 403
46 verbose pkgid react-infinite-scroll-nfs
47 verbose cwd D:\code\react-infinite-scroll-nfs
48 error Windows_NT 10.0.14393
49 error argv "C:\\Program Files\\nodejs\\node.exe" "C:\\Users\\Nuttapol\\AppData\\Roaming\\npm\\node_modules\\npm\\bin\\npm-cli.js" "publish"
50 error node v7.2.0
51 error npm  v4.0.3
52 error code E403
53 error "You cannot publish over the previously published version 0.0.1." : react-infinite-scroll-nfs
54 error If you need help, you may report this error at:
54 error     <https://github.com/npm/npm/issues>
55 verbose exit [ 1, true ]
